#
# A fatal error has been detected by the Java Runtime Environment:
#
#  EXCEPTION_ACCESS_VIOLATION (0xc0000005) at pc=0x000001fc26f76e4d, pid=27272, tid=0x00000000000064f0
#
# JRE version: OpenJDK Runtime Environment (Zulu 8.66.0.15-CA-win64) (8.0_352-b08) (build 1.8.0_352-b08)
# Java VM: OpenJDK 64-Bit Server VM (25.352-b08 mixed mode windows-amd64 compressed oops)
# Problematic frame:
# J 1519 C2 uk.co.real_logic.artio.engine.framer.FixSenderEndPoints.poll(J)I (53 bytes) @ 0x000001fc26f76e4d [0x000001fc26f76ba0+0x2ad]
#
# Failed to write core dump. Minidumps are not enabled by default on client versions of Windows
#
# If you would like to submit a bug report, please visit:
#   http://www.azul.com/support/
#

---------------  T H R E A D  ---------------

Current thread (0x000001fc4bea4000):  JavaThread "Framer" [_thread_in_Java, id=25840, stack(0x00000059f2c00000,0x00000059f2d00000)]

siginfo: ExceptionCode=0xc0000005, reading address 0x000001fc4f4d4500

Registers:
RAX=0x0000000000000001, RBX=0x0000000000000008, RCX=0x0000000000000008, RDX=0x000000071b1257c8
RSP=0x00000059f2cfeeb0, RBP=0x0000000000000001, RSI=0x0000000000000000, RDI=0x0000000000000001
R8 =0x000000071b1257c8, R9 =0x00000000f802eeae, R10=0x000001fc4f4d4500, R11=0x0000000000000000
R12=0x0000000000000000, R13=0x0000000000000008, R14=0x000000071b0da9a0, R15=0x000001fc4bea4000
RIP=0x000001fc26f76e4d, EFLAGS=0x0000000000010246

Top of Stack: (sp=0x00000059f2cfeeb0)
0x00000059f2cfeeb0:   00000000e36211c1 00000007e3607787
0x00000059f2cfeec0:   00000007e3589bbc 0000018686238d5d
0x00000059f2cfeed0:   000000071b1257c8 000000071abee728
0x00000059f2cfeee0:   000000071b03bc38 0000000700000000
0x00000059f2cfeef0:   0000000000000000 0000000000000000
0x00000059f2cfef00:   0000000000000000 000001fc2710a5d4
0x00000059f2cfef10:   000000071b03bc38 00000059f2cfef48
0x00000059f2cfef20:   00000059f2cfefa8 000001fc26a87c00
0x00000059f2cfef30:   000001fc4bea4000 000000071b0da9a0
0x00000059f2cfef40:   0000000000000008 0000000000000000
0x00000059f2cfef50:   0000000000000000 0000000000000000
0x00000059f2cfef60:   00000059f2cfefd0 000001fc26db8e18
0x00000059f2cfef70:   000001fc00000005 000001fc790445f8
0x00000059f2cfef80:   000000071abee728 1746ec4bfbc1b574
0x00000059f2cfef90:   0000018686238d5d 0000000000000000
0x00000059f2cfefa0:   0000200000000000 0000000000000000 

Instructions: (pc=0x000001fc26f76e4d)
0x000001fc26f76e2d:   45 0f b6 58 6d 45 85 db 0f 85 be 03 00 00 45 8b
0x000001fc26f76e3d:   50 34 47 8b 5c d4 1c 4f 8b 54 d4 10 49 c1 e3 03
0x000001fc26f76e4d:   4f 8b 14 13 4d 85 d2 0f 8f c7 03 00 00 85 05 a0
0x000001fc26f76e5d:   91 2b fe 44 8b 44 24 08 43 8b 74 c4 14 85 f6 0f 


Register to memory mapping:

RAX=0x0000000000000001 is an unknown value
RBX=0x0000000000000008 is an unknown value
RCX=0x0000000000000008 is an unknown value
RDX=0x000000071b1257c8 is an oop
uk.co.real_logic.artio.engine.framer.FixSenderEndPoint 
 - klass: 'uk/co/real_logic/artio/engine/framer/FixSenderEndPoint'
RSP=0x00000059f2cfeeb0 is pointing into the stack for thread: 0x000001fc4bea4000
RBP=0x0000000000000001 is an unknown value
RSI=0x0000000000000000 is an unknown value
RDI=0x0000000000000001 is an unknown value
R8 =0x000000071b1257c8 is an oop
uk.co.real_logic.artio.engine.framer.FixSenderEndPoint 
 - klass: 'uk/co/real_logic/artio/engine/framer/FixSenderEndPoint'
R9 =0x00000000f802eeae is an unknown value
R10=0x000001fc4f4d4500 is an unknown value
R11=0x0000000000000000 is an unknown value
R12=0x0000000000000000 is an unknown value
R13=0x0000000000000008 is an unknown value
R14=0x000000071b0da9a0 is an oop
sun.nio.ch.SocketChannelImpl 
 - klass: 'sun/nio/ch/SocketChannelImpl'
R15=0x000001fc4bea4000 is a thread


Stack: [0x00000059f2c00000,0x00000059f2d00000],  sp=0x00000059f2cfeeb0,  free space=1019k
Native frames: (J=compiled Java code, j=interpreted, Vv=VM code, C=native code)
C  0x000001fc26f76e4d


---------------  P R O C E S S  ---------------

Java Threads: ( => current thread )
  0x000001fc4bea7800 JavaThread "[Error Printer,DuplicateEngineChecker]" [_thread_in_native, id=32700, stack(0x00000059f2e00000,0x00000059f2f00000)]
  0x000001fc4bea7000 JavaThread "[Indexer,Indexer,Replayer]" [_thread_blocked, id=31100, stack(0x00000059f2d00000,0x00000059f2e00000)]
=>0x000001fc4bea4000 JavaThread "Framer" [_thread_in_Java, id=25840, stack(0x00000059f2c00000,0x00000059f2d00000)]
  0x000001fc4bd15000 JavaThread "[sender,receiver,driver-conductor]" [_thread_in_vm, id=26116, stack(0x00000059f2900000,0x00000059f2a00000)]
  0x000001fc4b36b000 JavaThread "Service Thread" daemon [_thread_blocked, id=16344, stack(0x00000059f2700000,0x00000059f2800000)]
  0x000001fc4b241800 JavaThread "C1 CompilerThread3" daemon [_thread_blocked, id=6032, stack(0x00000059f2600000,0x00000059f2700000)]
  0x000001fc4b240800 JavaThread "C2 CompilerThread2" daemon [_thread_blocked, id=24600, stack(0x00000059f2500000,0x00000059f2600000)]
  0x000001fc4b23d000 JavaThread "C2 CompilerThread1" daemon [_thread_blocked, id=23780, stack(0x00000059f2400000,0x00000059f2500000)]
  0x000001fc4b23b000 JavaThread "C2 CompilerThread0" daemon [_thread_blocked, id=5832, stack(0x00000059f2300000,0x00000059f2400000)]
  0x000001fc4b1ea000 JavaThread "Monitor Ctrl-Break" daemon [_thread_in_native, id=35988, stack(0x00000059f2200000,0x00000059f2300000)]
  0x000001fc49306000 JavaThread "Attach Listener" daemon [_thread_blocked, id=28212, stack(0x00000059f2100000,0x00000059f2200000)]
  0x000001fc49305000 JavaThread "Signal Dispatcher" daemon [_thread_blocked, id=10008, stack(0x00000059f2000000,0x00000059f2100000)]
  0x000001fc492d7000 JavaThread "Finalizer" daemon [_thread_blocked, id=29760, stack(0x00000059f1f00000,0x00000059f2000000)]
  0x000001fc492cc800 JavaThread "Reference Handler" daemon [_thread_blocked, id=11308, stack(0x00000059f1e00000,0x00000059f1f00000)]
  0x000001fc25008000 JavaThread "main" [_thread_in_Java, id=23164, stack(0x00000059f1400000,0x00000059f1500000)]

Other Threads:
  0x000001fc492a3000 VMThread [stack: 0x00000059f1d00000,0x00000059f1e00000] [id=2876]
  0x000001fc4b36d800 WatcherThread [stack: 0x00000059f2800000,0x00000059f2900000] [id=23992]

VM state:not at safepoint (normal execution)

VM Mutex/Monitor currently owned by a thread: None

heap address: 0x00000005c2000000, size: 8160 MB, Compressed Oops mode: Zero based, Oop shift amount: 3
Narrow klass base: 0x0000000000000000, Narrow klass shift: 3
Compressed class space size: 1073741824 Address: 0x00000007c0000000

Heap:
 PSYoungGen      total 152576K, used 97784K [0x0000000716000000, 0x0000000720a00000, 0x00000007c0000000)
  eden space 131072K, 74% used [0x0000000716000000,0x000000071bf7e288,0x000000071e000000)
  from space 21504K, 0% used [0x000000071f500000,0x000000071f500000,0x0000000720a00000)
  to   space 21504K, 0% used [0x000000071e000000,0x000000071e000000,0x000000071f500000)
 ParOldGen       total 348160K, used 0K [0x00000005c2000000, 0x00000005d7400000, 0x0000000716000000)
  object space 348160K, 0% used [0x00000005c2000000,0x00000005c2000000,0x00000005d7400000)
 Metaspace       used 16259K, capacity 16824K, committed 17024K, reserved 1064960K
  class space    used 1508K, capacity 1654K, committed 1664K, reserved 1048576K

Card table byte_map: [0x000001fc35e40000,0x000001fc36e40000] byte_map_base: 0x000001fc33030000

Marking Bits: (ParMarkBitMap*) 0x00000000767d6590
 Begin Bits: [0x000001fc378e0000, 0x000001fc3f860000)
 End Bits:   [0x000001fc3f860000, 0x000001fc477e0000)

Polling page: 0x000001fc25230000

CodeCache: size=245760Kb used=7119Kb max_used=7137Kb free=238640Kb
 bounds [0x000001fc26a80000, 0x000001fc27190000, 0x000001fc35a80000]
 total_blobs=2778 nmethods=2092 adapters=597
 compilation: enabled

Compilation events (10 events):
Event: 9496.528 Thread 0x000001fc4b23b000 2110       4       io.aeron.Subscription::isConnected (38 bytes)
Event: 9496.529 Thread 0x000001fc4b23b000 nmethod 2110 0x000001fc2713cf10 code [0x000001fc2713d060, 0x000001fc2713d138]
Event: 9496.530 Thread 0x000001fc4b23b000 2111   !   4       io.aeron.archive.client.AeronArchive::pollForErrorResponse (133 bytes)
Event: 9496.533 Thread 0x000001fc4b240800 nmethod 2109 0x000001fc27139f10 code [0x000001fc2713a0c0, 0x000001fc2713ae48]
Event: 9496.540 Thread 0x000001fc4b23b000 nmethod 2111 0x000001fc2713da90 code [0x000001fc2713dc60, 0x000001fc2713e4b0]
Event: 9496.563 Thread 0x000001fc4b23d000 nmethod 2107 0x000001fc27163dd0 code [0x000001fc271640c0, 0x000001fc27166968]
Event: 9496.706 Thread 0x000001fc4b241800 2112       3       java.util.Formatter$Flags::contains (22 bytes)
Event: 9496.706 Thread 0x000001fc4b241800 nmethod 2112 0x000001fc27139ad0 code [0x000001fc27139c40, 0x000001fc27139e58]
Event: 9496.707 Thread 0x000001fc4b241800 2113   !   3       sun.nio.cs.StreamEncoder::flushBuffer (42 bytes)
Event: 9496.707 Thread 0x000001fc4b241800 nmethod 2113 0x000001fc27137550 code [0x000001fc27137700, 0x000001fc27137ca0]

GC Heap History (0 events):
No events

Deoptimization events (10 events):
Event: 9496.002 Thread 0x000001fc4bd15000 Uncommon trap: reason=unstable_if action=reinterpret pc=0x000001fc26eaa2c8 method=io.aeron.driver.PublicationImage.trackRebuild(J)I @ 6
Event: 9496.002 Thread 0x000001fc4bd15000 Uncommon trap: reason=unstable_if action=reinterpret pc=0x000001fc26e94784 method=io.aeron.driver.NetworkPublication.updatePublisherLimit()I @ 9
Event: 9496.002 Thread 0x000001fc4bd15000 Uncommon trap: reason=null_check action=make_not_entrant pc=0x000001fc26fc94e0 method=io.aeron.driver.DataPacketDispatcher.onDataPacket(Lio/aeron/driver/media/ReceiveChannelEndpoint;Lio/aeron/protocol/DataHeaderFlyweight;Lorg/agrona/concurrent/UnsafeBuffe
Event: 9496.002 Thread 0x000001fc4bd15000 Uncommon trap: reason=unstable_if action=reinterpret pc=0x000001fc26ebf368 method=io.aeron.driver.PublicationImage.checkEosForDrainTransition(J)V @ 4
Event: 9496.002 Thread 0x000001fc4bd15000 Uncommon trap: reason=unstable_if action=reinterpret pc=0x000001fc27000990 method=io.aeron.driver.NetworkPublication.onStatusMessage(Lio/aeron/protocol/StatusMessageFlyweight;Ljava/net/InetSocketAddress;)V @ 4
Event: 9496.003 Thread 0x000001fc4bf80000 Uncommon trap: reason=unstable_if action=reinterpret pc=0x000001fc26f86d1c method=org.agrona.concurrent.AgentRunner.workLoop(Lorg/agrona/concurrent/IdleStrategy;Lorg/agrona/concurrent/Agent;)V @ 4
Event: 9496.702 Thread 0x000001fc4bc98000 Uncommon trap: reason=unstable_if action=reinterpret pc=0x000001fc26f86d1c method=org.agrona.concurrent.AgentRunner.workLoop(Lorg/agrona/concurrent/IdleStrategy;Lorg/agrona/concurrent/Agent;)V @ 4
Event: 9496.706 Thread 0x000001fc4bea7800 Uncommon trap: reason=unstable_if action=reinterpret pc=0x000001fc271362f0 method=java.io.BufferedOutputStream.write([BII)V @ 6
Event: 9496.790 Thread 0x000001fc4bc0c000 Uncommon trap: reason=unstable_if action=reinterpret pc=0x000001fc26ee77d8 method=io.aeron.archive.ArchiveConductor.invokeAeronInvoker()I @ 24
Event: 9496.790 Thread 0x000001fc4bc0c000 Uncommon trap: reason=unstable_if action=reinterpret pc=0x000001fc26f86d1c method=org.agrona.concurrent.AgentRunner.workLoop(Lorg/agrona/concurrent/IdleStrategy;Lorg/agrona/concurrent/Agent;)V @ 4

Classes redefined (0 events):
No events

Internal exceptions (10 events):
Event: 1.240 Thread 0x000001fc25008000 Exception <a 'java/lang/NoSuchMethodError': java.lang.Object.lambda$static$1(IILjava/lang/Object;[B)Z> (0x00000007182d2bb8) thrown at [C:\jenkins\workspace\zulu-platform-build\zulu-src.git\hotspot\src\share\vm\interpreter\linkResolver.cpp, line 620]
Event: 1.327 Thread 0x000001fc25008000 Exception <a 'java/lang/NoSuchMethodError': java.lang.Object.lambda$alwaysTransient$1(Luk/co/real_logic/artio/decoder/AbstractLogonDecoder;)Luk/co/real_logic/artio/validation/PersistenceLevel;> (0x00000007183c1b98) thrown at [C:\jenkins\workspace\zulu-pla
Event: 1.335 Thread 0x000001fc25008000 Exception <a 'sun/nio/fs/WindowsException'> (0x0000000719729640) thrown at [C:\jenkins\workspace\zulu-platform-build\zulu-src.git\hotspot\src\share\vm\prims\jni.cpp, line 711]
Event: 1.339 Thread 0x000001fc25008000 Exception <a 'java/lang/NoSuchMethodError': java.lang.Object.lambda$null$0(Lorg/agrona/concurrent/errors/DistinctErrorLog;Ljava/lang/Throwable;)V> (0x000000071973e690) thrown at [C:\jenkins\workspace\zulu-platform-build\zulu-src.git\hotspot\src\share\vm\i
Event: 1.381 Thread 0x000001fc4bd15000 Implicit null exception at 0x000001fc26d63ee8 to 0x000001fc26d63fa1
Event: 1.685 Thread 0x000001fc25008000 Exception <a 'sun/nio/fs/WindowsException'> (0x000000071a0b5398) thrown at [C:\jenkins\workspace\zulu-platform-build\zulu-src.git\hotspot\src\share\vm\prims\jni.cpp, line 711]
Event: 1.685 Thread 0x000001fc25008000 Exception <a 'sun/nio/fs/WindowsException'> (0x000000071a0b59c8) thrown at [C:\jenkins\workspace\zulu-platform-build\zulu-src.git\hotspot\src\share\vm\prims\jni.cpp, line 711]
Event: 1.708 Thread 0x000001fc25008000 Exception <a 'sun/nio/fs/WindowsException'> (0x000000071a160450) thrown at [C:\jenkins\workspace\zulu-platform-build\zulu-src.git\hotspot\src\share\vm\prims\jni.cpp, line 711]
Event: 1.708 Thread 0x000001fc25008000 Exception <a 'sun/nio/fs/WindowsException'> (0x000000071a160aa8) thrown at [C:\jenkins\workspace\zulu-platform-build\zulu-src.git\hotspot\src\share\vm\prims\jni.cpp, line 711]
Event: 2.167 Thread 0x000001fc25008000 Exception <a 'sun/nio/fs/WindowsException'> (0x000000071af1d988) thrown at [C:\jenkins\workspace\zulu-platform-build\zulu-src.git\hotspot\src\share\vm\prims\jni.cpp, line 711]

Events (10 events):
Event: 9496.760 loading class java/util/IdentityHashMap$KeyIterator done
Event: 9496.760 Thread 0x000001fc4bf80000 Thread exited: 0x000001fc4bf80000
Event: 9496.790 Thread 0x000001fc4bc0c000 Uncommon trap: trap_request=0xffffff65 fr.pc=0x000001fc26ee77d8
Event: 9496.790 Thread 0x000001fc4bc0c000 DEOPT PACKING pc=0x000001fc26ee77d8 sp=0x00000059f2afed50
Event: 9496.790 Thread 0x000001fc4bc0c000 DEOPT UNPACKING pc=0x000001fc26ac5683 sp=0x00000059f2afed10 mode 2
Event: 9496.790 Thread 0x000001fc4bc0c000 Uncommon trap: trap_request=0xffffff65 fr.pc=0x000001fc26f86d1c
Event: 9496.790 Thread 0x000001fc4bc0c000 DEOPT PACKING pc=0x000001fc26f86d1c sp=0x00000059f2afee10
Event: 9496.790 Thread 0x000001fc4bc0c000 DEOPT UNPACKING pc=0x000001fc26ac5683 sp=0x00000059f2afee08 mode 2
Event: 9496.791 Thread 0x000001fc4bc0c000 Thread exited: 0x000001fc4bc0c000
Event: 9496.794 Thread 0x000001fc4bc98000 Thread exited: 0x000001fc4bc98000


Dynamic libraries:
0x00007ff623c40000 - 0x00007ff623c91000 	C:\Users\fireh\software\zulu8.66.0.15-ca-jdk8.0.352-win_x64\bin\java.exe
0x00007fffc0c90000 - 0x00007fffc0ea4000 	C:\Windows\SYSTEM32\ntdll.dll
0x00007fffbf0e0000 - 0x00007fffbf1a3000 	C:\Windows\System32\KERNEL32.DLL
0x00007fffbe3f0000 - 0x00007fffbe78c000 	C:\Windows\System32\KERNELBASE.dll
0x00007fffbea70000 - 0x00007fffbeb1e000 	C:\Windows\System32\ADVAPI32.dll
0x00007fffc0200000 - 0x00007fffc02a7000 	C:\Windows\System32\msvcrt.dll
0x00007fffc0b70000 - 0x00007fffc0c14000 	C:\Windows\System32\sechost.dll
0x00007fffbed90000 - 0x00007fffbeea5000 	C:\Windows\System32\RPCRT4.dll
0x00007fffc0850000 - 0x00007fffc09fd000 	C:\Windows\System32\USER32.dll
0x00007fffbe920000 - 0x00007fffbe946000 	C:\Windows\System32\win32u.dll
0x00007fffbed60000 - 0x00007fffbed89000 	C:\Windows\System32\GDI32.dll
0x00007fffbe210000 - 0x00007fffbe322000 	C:\Windows\System32\gdi32full.dll
0x00007fffbe880000 - 0x00007fffbe91a000 	C:\Windows\System32\msvcp_win.dll
0x00007fffbe950000 - 0x00007fffbea61000 	C:\Windows\System32\ucrtbase.dll
0x00007fff90340000 - 0x00007fff905ce000 	C:\Windows\WinSxS\amd64_microsoft.windows.common-controls_6595b64144ccf1df_6.0.22621.608_none_a9444ca7c10bb01d\COMCTL32.dll
0x00007fffc01b0000 - 0x00007fffc01e2000 	C:\Windows\System32\IMM32.DLL
0x00007fffae120000 - 0x00007fffae135000 	C:\Users\fireh\software\zulu8.66.0.15-ca-jdk8.0.352-win_x64\jre\bin\vcruntime140.dll
0x00007fff9fe10000 - 0x00007fff9feab000 	C:\Users\fireh\software\zulu8.66.0.15-ca-jdk8.0.352-win_x64\jre\bin\msvcp140.dll
0x0000000075fe0000 - 0x0000000076851000 	C:\Users\fireh\software\zulu8.66.0.15-ca-jdk8.0.352-win_x64\jre\bin\server\jvm.dll
0x00007fffbf0d0000 - 0x00007fffbf0d8000 	C:\Windows\System32\PSAPI.DLL
0x00007fffb96a0000 - 0x00007fffb96a9000 	C:\Windows\SYSTEM32\WSOCK32.dll
0x00007fffb7c90000 - 0x00007fffb7c9a000 	C:\Windows\SYSTEM32\VERSION.dll
0x00007fffa83b0000 - 0x00007fffa83e4000 	C:\Windows\SYSTEM32\WINMM.dll
0x00007fffc0130000 - 0x00007fffc01a1000 	C:\Windows\System32\WS2_32.dll
0x00007fffbd0b0000 - 0x00007fffbd0c8000 	C:\Windows\SYSTEM32\kernel.appcore.dll
0x00007fffae150000 - 0x00007fffae160000 	C:\Users\fireh\software\zulu8.66.0.15-ca-jdk8.0.352-win_x64\jre\bin\verify.dll
0x00007fffadf70000 - 0x00007fffadf9b000 	C:\Users\fireh\software\zulu8.66.0.15-ca-jdk8.0.352-win_x64\jre\bin\java.dll
0x00007fffa5fc0000 - 0x00007fffa5ff8000 	C:\Users\fireh\software\zulu8.66.0.15-ca-jdk8.0.352-win_x64\jre\bin\instrument.dll
0x00007fffad8d0000 - 0x00007fffad8e8000 	C:\Users\fireh\software\zulu8.66.0.15-ca-jdk8.0.352-win_x64\jre\bin\zip.dll
0x00007fffbf7a0000 - 0x00007fffbff8f000 	C:\Windows\System32\SHELL32.dll
0x00007fffbc070000 - 0x00007fffbc938000 	C:\Windows\SYSTEM32\windows.storage.dll
0x00007fffc03b0000 - 0x00007fffc073a000 	C:\Windows\System32\combase.dll
0x00007fffbbf30000 - 0x00007fffbc06e000 	C:\Windows\SYSTEM32\wintypes.dll
0x00007fffc02b0000 - 0x00007fffc03a1000 	C:\Windows\System32\SHCORE.dll
0x00007fffbed00000 - 0x00007fffbed5e000 	C:\Windows\System32\shlwapi.dll
0x00007fffbdfd0000 - 0x00007fffbdff1000 	C:\Windows\SYSTEM32\profapi.dll
0x00007fffa0c50000 - 0x00007fffa0c6a000 	C:\Program Files\JetBrains\IntelliJ IDEA 2022.2.3\bin\breakgen64.dll
0x00007fffa6470000 - 0x00007fffa648c000 	C:\Users\fireh\software\zulu8.66.0.15-ca-jdk8.0.352-win_x64\jre\bin\net.dll
0x00007fffbd510000 - 0x00007fffbd579000 	C:\Windows\system32\mswsock.dll
0x00007fffae140000 - 0x00007fffae14d000 	C:\Users\fireh\software\zulu8.66.0.15-ca-jdk8.0.352-win_x64\jre\bin\management.dll
0x00007fffaaa90000 - 0x00007fffaaaa7000 	C:\Windows\system32\napinsp.dll
0x00007fffa64e0000 - 0x00007fffa64fb000 	C:\Windows\system32\pnrpnsp.dll
0x00007fffbcc00000 - 0x00007fffbccf3000 	C:\Windows\SYSTEM32\DNSAPI.dll
0x00007fffbcb90000 - 0x00007fffbcbbd000 	C:\Windows\SYSTEM32\IPHLPAPI.DLL
0x00007fffc0840000 - 0x00007fffc0849000 	C:\Windows\System32\NSI.dll
0x00007fffa64c0000 - 0x00007fffa64d1000 	C:\Windows\System32\winrnr.dll
0x00007fffb7380000 - 0x00007fffb7395000 	C:\Windows\system32\wshbth.dll
0x00007fffa3b00000 - 0x00007fffa3b21000 	C:\Windows\system32\nlansp_c.dll
0x00007fffb24e0000 - 0x00007fffb24ea000 	C:\Windows\System32\rasadhlp.dll
0x00007fffb6780000 - 0x00007fffb6803000 	C:\Windows\System32\fwpuclnt.dll
0x00007fffa6450000 - 0x00007fffa6463000 	C:\Users\fireh\software\zulu8.66.0.15-ca-jdk8.0.352-win_x64\jre\bin\nio.dll
0x00007fffbd830000 - 0x00007fffbd84b000 	C:\Windows\SYSTEM32\CRYPTSP.dll
0x00007fffbd020000 - 0x00007fffbd055000 	C:\Windows\system32\rsaenh.dll
0x00007fffbd5b0000 - 0x00007fffbd5d8000 	C:\Windows\SYSTEM32\USERENV.dll
0x00007fffbd970000 - 0x00007fffbd998000 	C:\Windows\SYSTEM32\bcrypt.dll
0x00007fffbe800000 - 0x00007fffbe87b000 	C:\Windows\System32\bcryptprimitives.dll
0x00007fffbd810000 - 0x00007fffbd81c000 	C:\Windows\SYSTEM32\CRYPTBASE.dll
0x00007fffb78a0000 - 0x00007fffb78b9000 	C:\Windows\SYSTEM32\dhcpcsvc6.DLL
0x00007fffb7880000 - 0x00007fffb789f000 	C:\Windows\SYSTEM32\dhcpcsvc.DLL
0x00007fffb1cd0000 - 0x00007fffb1efe000 	C:\Windows\SYSTEM32\dbghelp.dll
0x00007fffc0a90000 - 0x00007fffc0b67000 	C:\Windows\System32\OLEAUT32.dll

VM Arguments:
jvm_args: -javaagent:C:\Program Files\JetBrains\IntelliJ IDEA 2022.2.3\lib\idea_rt.jar=56125:C:\Program Files\JetBrains\IntelliJ IDEA 2022.2.3\bin -Dfile.encoding=UTF-8 
java_command: net.dreamstack.sample.artio.SampleClient
java_class_path (initial): C:\Users\fireh\software\zulu8.66.0.15-ca-jdk8.0.352-win_x64\jre\lib\cat.jar;C:\Users\fireh\software\zulu8.66.0.15-ca-jdk8.0.352-win_x64\jre\lib\charsets.jar;C:\Users\fireh\software\zulu8.66.0.15-ca-jdk8.0.352-win_x64\jre\lib\ext\access-bridge-64.jar;C:\Users\fireh\software\zulu8.66.0.15-ca-jdk8.0.352-win_x64\jre\lib\ext\cldrdata.jar;C:\Users\fireh\software\zulu8.66.0.15-ca-jdk8.0.352-win_x64\jre\lib\ext\crs-agent.jar;C:\Users\fireh\software\zulu8.66.0.15-ca-jdk8.0.352-win_x64\jre\lib\ext\dnsns.jar;C:\Users\fireh\software\zulu8.66.0.15-ca-jdk8.0.352-win_x64\jre\lib\ext\jaccess.jar;C:\Users\fireh\software\zulu8.66.0.15-ca-jdk8.0.352-win_x64\jre\lib\ext\legacy8ujsse.jar;C:\Users\fireh\software\zulu8.66.0.15-ca-jdk8.0.352-win_x64\jre\lib\ext\localedata.jar;C:\Users\fireh\software\zulu8.66.0.15-ca-jdk8.0.352-win_x64\jre\lib\ext\nashorn.jar;C:\Users\fireh\software\zulu8.66.0.15-ca-jdk8.0.352-win_x64\jre\lib\ext\openjsse.jar;C:\Users\fireh\software\zulu8.66.0.15-ca-jdk8.0.352-win_x64\jre\lib\ext\sunec.jar;C:\Users\fireh\software\zulu8.66.0.15-ca-jdk8.0.352-win_x64\jre\lib\ext\sunjce_provider.jar;C:\Users\fireh\software\zulu8.66.0.15-ca-jdk8.0.352-win_x64\jre\lib\ext\sunmscapi.jar;C:\Users\fireh\software\zulu8.66.0.15-ca-jdk8.0.352-win_x64\jre\lib\ext\sunpkcs11.jar;C:\Users\fireh\software\zulu8.66.0.15-ca-jdk8.0.352-win_x64\jre\lib\ext\zipfs.jar;C:\Users\fireh\software\zulu8.66.0.15-ca-jdk8.0.352-win_x64\jre\lib\jce.jar;C:\Users\fireh\software\zulu8.66.0.15-ca-jdk8.0.352-win_x64\jre\lib\jfr.jar;C:\Users\fireh\software\zulu8.66.0.15-ca-jdk8.0.352-win_x64\jre\lib\jsse.jar;C:\Users\fireh\software\zulu8.66.0.15-ca-jdk8.0.352-win_x64\jre\lib\management-agent.jar;C:\Users\fireh\software\zulu8.66.0.15-ca-jdk8.0.352-win_x64\jre\lib\resources.jar;C:\Users\fireh\software\zulu8.66.0.15-ca-jdk8.0.352-win_x64\jre\lib\rt.jar;C:\Users\fireh\projects\artio-vs-qfj\target\classes;C:\Users\fireh\.m2\repository\org\projectlombok\lombok\1.18.22\lombok-1.18.22.jar;C:
Launcher Type: SUN_STANDARD

Environment Variables:
JAVA_HOME=C:\Users\fireh\software\zulu8.66.0.15-ca-jdk8.0.352-win_x64
PATH=C:\Windows\system32;C:\Windows;C:\Windows\System32\Wbem;C:\Windows\System32\WindowsPowerShell\v1.0\;C:\Windows\System32\OpenSSH\;C:\minikube;C:\Program Files (x86)\dotnet\;C:\Program Files\Docker\Docker\resources\bin;C:\Program Files\Git\cmd;C:\Users\fireh\AppData\Local\Microsoft\WindowsApps;C:\Users\fireh\software\zulu8.66.0.15-ca-jdk8.0.352-win_x64\bin;C:\Users\fireh\software\apache-maven-3.8.6\bin;C:\Program Files\JetBrains\IntelliJ IDEA 2022.2.3\bin;;C:\Users\fireh\AppData\Local\Programs\Microsoft VS Code\bin;C:\Users\fireh\AppData\Local\GitHubDesktop\bin;C:\Users\fireh\software\gradle-6.9.3\bin;C:\Users\fireh\software\node-v18.12.1-win-x64\node-v18.12.1-win-x64;C:\Users\fireh\software\pack-v0.28.0-windows;
USERNAME=fireh
OS=Windows_NT
PROCESSOR_IDENTIFIER=Intel64 Family 6 Model 142 Stepping 10, GenuineIntel



---------------  S Y S T E M  ---------------

OS: Windows 10.0 , 64 bit Build 22621 (10.0.22621.1194)
HyperV virtualization detected

CPU:total 8 (initial active 8) (4 cores per cpu, 2 threads per core) family 6 model 142 stepping 10, cmov, cx8, fxsr, mmx, sse, sse2, sse3, ssse3, sse4.1, sse4.2, popcnt, avx, avx2, aes, clmul, erms, 3dnowpref, lzcnt, ht, tsc, tscinvbit, bmi1, bmi2, adx

Memory: 4k page, physical 33416372k(20000560k free), swap 35513524k(14611852k free)

vm_info: OpenJDK 64-Bit Server VM (25.352-b08) for windows-amd64 JRE (Zulu 8.66.0.15-CA-win64) (1.8.0_352-b08), built on Oct  9 2022 09:41:05 by "tester" with MS VC++ 15.9 (VS2017)

time: Sat Feb 25 09:15:22 2023
timezone: Malay Peninsula Standard Time
elapsed time: 9496.865456 seconds (0d 2h 38m 16s)

